Your job 1848952 ("variant_surveillance") has been submitted
Job 1848952 exited with exit code 0.
Your job 1848956 ("run1_CDT") has been submitted
Your job 1848957 ("run2_CDT") has been submitted
Job 1848957 exited with exit code 0.
Your job 1873325 ("variant_surveillance") has been submitted
Job 1873325 exited with exit code 0.
Your job 1873440 ("run1_CDT") has been submitted
Your job 1873441 ("run2_CDT") has been submitted
Job 1873441 exited with exit code 1.
Your job 1873479 ("variant_surveillance") has been submitted
Job 1873479 exited with exit code 0.
Your job 1873511 ("run1_CDT") has been submitted
Your job 1873512 ("run2_CDT") has been submitted
Job 1873512 exited with exit code 1.
Your job 1874970 ("variant_surveillance") has been submitted
Job 1874970 exited with exit code 0.
Your job 1875067 ("run1_CDT") has been submitted
Your job 1875068 ("run2_CDT") has been submitted
Job 1875068 exited with exit code 0.
Your job 1974416 ("variant_surveillance") has been submitted
Job 1974416 exited with exit code 0.
Your job 1974421 ("run1_CDT") has been submitted
Your job 1974422 ("run2_CDT") has been submitted
Job 1974422 exited with exit code 1.
Your job 1977491 ("variant_surveillance") has been submitted
Job 1977491 exited with exit code 0.
Your job 1977493 ("run1_CDT") has been submitted
Your job 1977494 ("run2_CDT") has been submitted
Job 1977494 exited with exit code 0.
Your job 2216712 ("variant_surveillance") has been submitted
Job 2216712 exited with exit code 0.
Your job 2216960 ("run1_CDT") has been submitted
Your job 2216961 ("run2_CDT") has been submitted
Job 2216961 exited with exit code 1.
Your job 2217697 ("variant_surveillance") has been submitted
Job 2217697 exited with exit code 0.
Your job 2219168 ("run1_CDT") has been submitted
Your job 2219169 ("run2_CDT") has been submitted
Job 2219169 exited with exit code 1.
Your job 2219554 ("variant_surveillance") has been submitted
Job 2219554 exited with exit code 0.
Your job 2219561 ("run1_CDT") has been submitted
Your job 2219562 ("run2_CDT") has been submitted
Job 2219562 exited with exit code 1.
Your job 2219597 ("variant_surveillance") has been submitted
Job 2219597 exited with exit code 0.
Your job 2219598 ("run1_CDT") has been submitted
Your job 2219599 ("run2_CDT") has been submitted
Job 2219599 exited with exit code 0.
Your job 2239203 ("variant_surveillance") has been submitted
Job 2239203 exited with exit code 0.
Your job 2240433 ("run1_CDT") has been submitted
Your job 2240434 ("run2_CDT") has been submitted
Unable to run job 2240434
Your job 2392665 ("variant_surveillance") has been submitted
Job 2392665 exited with exit code 0.
Your job 2393809 ("run1_CDT") has been submitted
Your job 2393811 ("run2_CDT") has been submitted
Job 2393811 exited with exit code 1.
Your job 2402589 ("variant_surveillance") has been submitted
Job 2402589 exited with exit code 0.
Your job 2402590 ("run1_CDT") has been submitted
Your job 2402591 ("run2_CDT") has been submitted
Job 2402591 exited with exit code 0.
Your job 2521178 ("variant_surveillance") has been submitted
Job 2521178 exited with exit code 0.
Your job 2521892 ("run1_CDT") has been submitted
Your job 2551824 ("variant_surveillance") has been submitted
Job 2551824 exited with exit code 0.
Your job 2551825 ("run1_CDT") has been submitted
Your job 2551826 ("run2_CDT") has been submitted
Job 2551826 exited with exit code 0.
Your job 2705365 ("variant_surveillance") has been submitted
Job 2705365 exited with exit code 0.
Your job 2705378 ("run1_CDT") has been submitted
Your job 2705379 ("run2_CDT") has been submitted
Job 2705379 exited with exit code 1.
Your job 2712459 ("variant_surveillance") has been submitted
Job 2712459 exited with exit code 0.
Your job 2712898 ("run1_CDT") has been submitted
Your job 2712899 ("run2_CDT") has been submitted
Job 2712899 exited with exit code 1.
Your job 2721021 ("variant_surveillance") has been submitted
Job 2721021 exited with exit code 0.
Your job 2721901 ("run1_CDT") has been submitted
Your job 2721902 ("run2_CDT") has been submitted
Job 2721902 exited with exit code 1.
Your job 2726100 ("variant_surveillance") has been submitted
Job 2726100 exited with exit code 0.
Your job 2726325 ("run1_CDT") has been submitted
Your job 2726326 ("run2_CDT") has been submitted
Job 2726326 exited with exit code 1.
Your job 2735898 ("variant_surveillance") has been submitted
Job 2735898 exited with exit code 0.
Your job 2736693 ("run1_CDT") has been submitted
Your job 2736694 ("run2_CDT") has been submitted
Job 2736694 exited with exit code 0.
Your job 2886974 ("variant_surveillance") has been submitted
Job 2886974 exited with exit code 0.
Your job 2887121 ("run1_CDT") has been submitted
Your job 2887122 ("run2_CDT") has been submitted
Job 2887122 exited with exit code 1.
Your job 2898789 ("variant_surveillance") has been submitted
Job 2898789 exited with exit code 0.
Your job 2900186 ("run1_CDT") has been submitted
Your job 2900187 ("run2_CDT") has been submitted
Job 2900187 exited with exit code 0.
Your job 3138671 ("variant_surveillance") has been submitted
Job 3138671 exited with exit code 1.
Your job 3138835 ("variant_surveillance") has been submitted
Job 3138835 exited with exit code 1.
Your job 3139133 ("variant_surveillance") has been submitted
Unable to run job 3139133
Your job 3139964 ("run1_CDT") has been submitted
Your job 3139965 ("run2_CDT") has been submitted
Job 3139965 exited with exit code 1.
Your job 3143397 ("variant_surveillance") has been submitted
Job 3143397 exited with exit code 0.
Your job 3146979 ("run1_CDT") has been submitted
Your job 3146980 ("run2_CDT") has been submitted
Job 3146980 exited with exit code 0.
Your job 3433139 ("variant_surveillance") has been submitted
Job 3433139 exited with exit code 0.
Your job 3435660 ("run1_CDT") has been submitted
Your job 3435661 ("run2_CDT") has been submitted
Job 3435661 exited with exit code 1.
Your job 3505124 ("variant_surveillance") has been submitted
Job 3505124 exited with exit code 0.
Your job 3505955 ("run1_CDT") has been submitted
Your job 3505956 ("run2_CDT") has been submitted
Job 3505956 exited with exit code 0.
Your job 3912456 ("variant_surveillance") has been submitted
Job 3912456 exited with exit code 0.
Your job 3912531 ("run1_CDT") has been submitted
Your job 3912532 ("run2_CDT") has been submitted
Job 3912532 exited with exit code 1.
Your job 3930307 ("variant_surveillance") has been submitted
Job 3930307 exited with exit code 0.
Your job 3930360 ("run1_CDT") has been submitted
Your job 3930361 ("run2_CDT") has been submitted
Job 3930361 exited with exit code 0.
Your job 4242143 ("variant_surveillance") has been submitted
Job 4242143 exited with exit code 0.
Your job 4242147 ("run1_CDT") has been submitted
Your job 4242148 ("run2_CDT") has been submitted
Job 4242148 exited with exit code 1.
Your job 4242182 ("variant_surveillance") has been submitted
Job 4242182 exited with exit code 0.
Your job 4242596 ("run1_CDT") has been submitted
Your job 4242598 ("run2_CDT") has been submitted
Job 4242598 exited with exit code 1.
Your job 4278932 ("variant_surveillance") has been submitted
Job 4278932 exited with exit code 0.
Your job 4278933 ("run1_CDT") has been submitted
Your job 4278934 ("run2_CDT") has been submitted
Job 4278934 exited with exit code 0.
Your job 4620320 ("variant_surveillance") has been submitted
Job 4620320 exited with exit code 0.
Your job 4620575 ("run1_CDT") has been submitted
Your job 4620576 ("run2_CDT") has been submitted
Unable to run job 4620576
Your job 4639611 ("variant_surveillance") has been submitted
Job 4639611 exited with exit code 0.
Your job 4639618 ("run1_CDT") has been submitted
Your job 4639619 ("run2_CDT") has been submitted
Job 4639619 exited with exit code 1.
Your job 4643500 ("variant_surveillance") has been submitted
Job 4643500 exited with exit code 1.
Your job 4643523 ("variant_surveillance") has been submitted
Job 4643523 exited with exit code 1.
Your job 4643525 ("variant_surveillance") has been submitted
Job 4643525 exited with exit code 0.
Your job 4643547 ("run1_CDT") has been submitted
Your job 4643548 ("run2_CDT") has been submitted
Job 4643548 exited with exit code 0.
Your job 4644052 ("variant_surveillance") has been submitted
Job 4644052 exited with exit code 0.
Your job 4644065 ("run1_CDT") has been submitted
Your job 4644066 ("run2_CDT") has been submitted
Job 4644066 exited with exit code 1.
Your job 4658399 ("variant_surveillance") has been submitted
Job 4658399 exited with exit code 0.
Your job 4658690 ("run1_CDT") has been submitted
Your job 4658691 ("run2_CDT") has been submitted
Job 4658691 exited with exit code 1.
Your job 4662837 ("variant_surveillance") has been submitted
Unable to run job 4662837
Your job 4663257 ("run1_CDT") has been submitted
Your job 4665784 ("variant_surveillance") has been submitted
Job 4665784 exited with exit code 0.
Your job 4666319 ("run1_CDT") has been submitted
Your job 4666320 ("run2_CDT") has been submitted
Job 4666320 exited with exit code 0.
Your job 4799650 ("variant_surveillance") has been submitted
Job 4799650 exited with exit code 0.
Your job 4799666 ("run1_CDT") has been submitted
Your job 4799667 ("run2_CDT") has been submitted
Job 4799667 exited with exit code 1.
Your job 4801065 ("variant_surveillance") has been submitted
Job 4801065 exited with exit code 0.
Your job 4801068 ("run1_CDT") has been submitted
Your job 4801069 ("run2_CDT") has been submitted
Job 4801069 exited with exit code 0.
Your job 4804216 ("variant_surveillance") has been submitted
Job 4804216 exited with exit code 0.
Your job 4804277 ("run1_CDT") has been submitted
Your job 4804278 ("run2_CDT") has been submitted
Job 4804278 exited with exit code 0.
Your job 4939686 ("variant_surveillance") has been submitted
Job 4939686 exited with exit code 0.
Your job 4940000 ("run1_CDT") has been submitted
Your job 4940001 ("run2_CDT") has been submitted
Job 4940001 exited with exit code 1.
Your job 4942209 ("variant_surveillance") has been submitted
Job 4942209 exited with exit code 0.
Your job 4942210 ("run1_CDT") has been submitted
Your job 4942211 ("run2_CDT") has been submitted
Job 4942211 exited with exit code 1.
Your job 4942321 ("variant_surveillance") has been submitted
Job 4942321 exited with exit code 0.
Your job 4942325 ("run1_CDT") has been submitted
Your job 4942326 ("run2_CDT") has been submitted
Job 4942326 exited with exit code 0.
Your job 4985130 ("variant_surveillance") has been submitted
Job 4985130 exited with exit code 0.
Your job 4985224 ("run1_CDT") has been submitted
Your job 4985225 ("run2_CDT") has been submitted
Job 4985225 exited with exit code 1.
Your job 4986150 ("variant_surveillance") has been submitted
Job 4986150 exited with exit code 1.
Your job 4986160 ("variant_surveillance") has been submitted
Job 4986160 exited with exit code 0.
Your job 4986176 ("run1_CDT") has been submitted
Your job 4986177 ("run2_CDT") has been submitted
Job 4986177 exited with exit code 0.
Your job 5016677 ("variant_surveillance") has been submitted
Job 5016677 exited with exit code 0.
Your job 5016709 ("run1_CDT") has been submitted
Your job 5016710 ("run2_CDT") has been submitted
Job 5016710 exited with exit code 1.
Your job 5025172 ("variant_surveillance") has been submitted
Job 5025172 exited with exit code 0.
Your job 5025203 ("run1_CDT") has been submitted
Your job 5025204 ("run2_CDT") has been submitted
Job 5025204 exited with exit code 1.
Your job 5026733 ("variant_surveillance") has been submitted
Job 5026733 exited with exit code 0.
Your job 5027130 ("run1_CDT") has been submitted
Your job 5027131 ("run2_CDT") has been submitted
Job 5027131 exited with exit code 0.
Your job 5068207 ("variant_surveillance") has been submitted
Job 5068207 exited with exit code 0.
Your job 5068282 ("run1_CDT") has been submitted
Your job 5068283 ("run2_CDT") has been submitted
Job 5068283 exited with exit code 1.
Your job 5075150 ("variant_surveillance") has been submitted
Job 5075150 exited with exit code 1.
Your job 5077741 ("variant_surveillance") has been submitted
Job 5077741 exited with exit code 1.
Your job 5077761 ("variant_surveillance") has been submitted
Job 5077761 exited with exit code 1.
Your job 5077782 ("variant_surveillance") has been submitted
Job 5077782 exited with exit code 1.
Your job 5077803 ("variant_surveillance") has been submitted
Job 5077803 exited with exit code 1.
Your job 5077836 ("variant_surveillance") has been submitted
Job 5077836 exited with exit code 0.
Your job 5077905 ("run1_CDT") has been submitted
Your job 5077906 ("run2_CDT") has been submitted
Job 5077906 exited with exit code 0.
Your job 5134922 ("variant_surveillance") has been submitted
Job 5134922 exited with exit code 0.
Your job 5134925 ("run1_CDT") has been submitted
Your job 5134926 ("run2_CDT") has been submitted
Job 5134926 exited with exit code 0.
Your job 5177751 ("variant_surveillance") has been submitted
Job 5177751 exited with exit code 0.
Your job 5177753 ("run1_CDT") has been submitted
Your job 5177754 ("run2_CDT") has been submitted
Unable to run job 5177754
Your job 5185170 ("variant_surveillance") has been submitted
Job 5185170 exited with exit code 0.
Your job 5185171 ("run1_CDT") has been submitted
Your job 5185172 ("run2_CDT") has been submitted
Job 5185172 exited with exit code 0.
Your job 5203411 ("variant_surveillance") has been submitted
Job 5203411 exited with exit code 0.
Your job 5203420 ("run1_CDT") has been submitted
Your job 5203421 ("run2_CDT") has been submitted
Unable to run job 5203421
Your job 5203964 ("variant_surveillance") has been submitted
Job 5203964 exited with exit code 0.
Your job 5203965 ("run1_CDT") has been submitted
Your job 5203966 ("run2_CDT") has been submitted
Job 5203966 exited with exit code 0.
Your job 5208543 ("variant_surveillance") has been submitted
Job 5208543 exited with exit code 1.
Your job 5208550 ("variant_surveillance") has been submitted
Job 5208550 exited with exit code 0.
Your job 5208553 ("run1_CDT") has been submitted
Your job 5208554 ("run2_CDT") has been submitted
Unable to run job 5208554
Your job 5210017 ("variant_surveillance") has been submitted
Job 5210017 exited with exit code 1.
Your job 5210056 ("variant_surveillance") has been submitted
Job 5210056 exited with exit code 1.
Your job 5210064 ("variant_surveillance") has been submitted
Job 5210064 exited with exit code 1.
Your job 5211062 ("variant_surveillance") has been submitted
Job 5211062 exited with exit code 1.
Your job 5212090 ("variant_surveillance") has been submitted
Job 5212090 exited with exit code 0.
Your job 5212237 ("run1_CDT") has been submitted
Your job 5212238 ("run2_CDT") has been submitted
Job 5212238 exited with exit code 0.
Your job 5237177 ("variant_surveillance") has been submitted
Job 5237177 exited with exit code 0.
Your job 5237230 ("run1_CDT") has been submitted
Your job 5237231 ("run2_CDT") has been submitted
Unable to run job 5237231
Your job 5237259 ("variant_surveillance") has been submitted
Unable to run job 5237259
Your job 5237266 ("run1_CDT") has been submitted
Your job 5240549 ("variant_surveillance") has been submitted
Job 5240549 exited with exit code 0.
Your job 5240562 ("run1_CDT") has been submitted
Your job 5241060 ("variant_surveillance") has been submitted
Job 5241060 exited with exit code 0.
Your job 5241085 ("run1_CDT") has been submitted
Your job 5241086 ("run2_CDT") has been submitted
Unable to run job 5241086
Your job 5270573 ("variant_surveillance") has been submitted
Job 5270573 exited with exit code 0.
Your job 5270575 ("run1_CDT") has been submitted
Your job 5270576 ("run2_CDT") has been submitted
Unable to run job 5270576
Your job 5275669 ("variant_surveillance") has been submitted
Job 5275669 exited with exit code 0.
Your job 5275689 ("run1_CDT") has been submitted
Your job 5275690 ("run2_CDT") has been submitted
Job 5275690 exited with exit code 0.
Your job 5431552 ("variant_surveillance") has been submitted
Job 5431552 exited with exit code 1.
Your job 5431902 ("variant_surveillance") has been submitted
Job 5431902 exited with exit code 0.
Your job 5432271 ("run1_CDT") has been submitted
Your job 5432272 ("run2_CDT") has been submitted
Job 5432272 exited because of signal SIGKILL
Your job 5473548 ("variant_surveillance") has been submitted
Unable to run job 5473548
Your job 5478519 ("variant_surveillance") has been submitted
Unable to run job 5478519
Your job 5478523 ("run1_CDT") has been submitted
Your job 5478524 ("run2_CDT") has been submitted
Unable to run job 5478524
Your job 5484533 ("variant_surveillance") has been submitted
Job 5484533 exited with exit code 0.
Your job 5484535 ("run1_CDT") has been submitted
Your job 5484536 ("run2_CDT") has been submitted
Job 5484536 exited with exit code 0.
Your job 5508551 ("variant_surveillance") has been submitted
Job 5508551 exited with exit code 0.
Your job 5508562 ("run1_CDT") has been submitted
Your job 5508563 ("run2_CDT") has been submitted
Unable to run job 5508563
Your job 5509044 ("variant_surveillance") has been submitted
Unable to run job 5509044
Your job 5509053 ("run1_CDT") has been submitted
Your job 5509055 ("run2_CDT") has been submitted
Unable to run job 5509055
Your job 5513118 ("variant_surveillance") has been submitted
Job 5513118 exited with exit code 0.
Your job 5513119 ("run1_CDT") has been submitted
Your job 5513151 ("variant_surveillance") has been submitted
Job 5513151 exited with exit code 0.
Your job 5513158 ("run1_CDT") has been submitted
Your job 5513120 ("run2_CDT") has been submitted
Job 5513120 exited with exit code 0.
Your job 5513159 ("run2_CDT") has been submitted
Job 5513159 exited with exit code 0.
Your job 5631194 ("variant_surveillance") has been submitted
Job 5631194 exited with exit code 0.
Your job 5631524 ("run1_CDT") has been submitted
Your job 5631525 ("run2_CDT") has been submitted
Unable to run job 5631525
Your job 5639411 ("variant_surveillance") has been submitted
Job 5639411 exited with exit code 0.
Your job 5639412 ("run1_CDT") has been submitted
Your job 5639413 ("run2_CDT") has been submitted
Job 5639413 exited with exit code 0.
Your job 5776080 ("variant_surveillance") has been submitted
Job 5776080 exited with exit code 0.
Your job 5777016 ("run1_CDT") has been submitted
Your job 5777017 ("run2_CDT") has been submitted
Unable to run job 5777017
Your job 5787409 ("variant_surveillance") has been submitted
Job 5787409 exited with exit code 1.
Your job 5787584 ("variant_surveillance") has been submitted
Job 5787584 exited with exit code 0.
Your job 5787632 ("run1_CDT") has been submitted
Your job 5787633 ("run2_CDT") has been submitted
Job 5787633 exited with exit code 0.
Your job 5841157 ("variant_surveillance") has been submitted
Job 5841157 exited with exit code 0.
Your job 5841261 ("run1_CDT") has been submitted
Your job 5841262 ("run2_CDT") has been submitted
Unable to run job 5841262
Your job 5976506 ("variant_surveillance") has been submitted
Job 5976506 exited with exit code 0.
Your job 5976652 ("run1_CDT") has been submitted
Your job 5976653 ("run2_CDT") has been submitted
Unable to run job 5976653
Your job 5979577 ("variant_surveillance") has been submitted
Job 5979577 exited with exit code 1.
Your job 5979583 ("variant_surveillance") has been submitted
Job 5979583 exited with exit code 1.
Your job 5979679 ("variant_surveillance") has been submitted
Job 5979679 exited with exit code 1.
Your job 5980949 ("variant_surveillance") has been submitted
Job 5980949 exited with exit code 1.
Your job 5985136 ("variant_surveillance") has been submitted
Job 5985136 exited with exit code 1.
Your job 5985198 ("variant_surveillance") has been submitted
Job 5985198 exited with exit code 0.
Your job 5985366 ("run1_CDT") has been submitted
Your job 5985367 ("run2_CDT") has been submitted
Job 5985367 exited with exit code 1.
Your job 6189226 ("variant_surveillance") has been submitted
Job 6189226 exited with exit code 0.
Your job 6189380 ("run1_CDT") has been submitted
Your job 6189381 ("run2_CDT") has been submitted
Unable to run job 6189381
Your job 6192334 ("variant_surveillance") has been submitted
Job 6192334 exited with exit code 0.
Your job 6192363 ("run1_CDT") has been submitted
Your job 6192364 ("run2_CDT") has been submitted
Job 6192364 exited with exit code 1.
Your job 6239472 ("variant_surveillance") has been submitted
Job 6239472 exited with exit code 1.
Your job 6239475 ("variant_surveillance") has been submitted
Job 6239475 exited with exit code 0.
Your job 6239482 ("run1_CDT") has been submitted
Your job 6239483 ("run2_CDT") has been submitted
Job 6239483 exited with exit code 1.
Your job 6251424 ("variant_surveillance") has been submitted
Job 6251424 exited with exit code 0.
Your job 6251438 ("run1_CDT") has been submitted
Your job 6251439 ("run2_CDT") has been submitted
Job 6251439 exited with exit code 0.
Your job 6505482 ("variant_surveillance") has been submitted
Job 6505482 exited with exit code 0.
Your job 6505881 ("run1_CDT") has been submitted
Your job 6505882 ("run2_CDT") has been submitted
Job 6505882 exited with exit code 0.
Your job 6720239 ("variant_surveillance") has been submitted
Job 6720239 exited with exit code 0.
Your job 6720335 ("run1_CDT") has been submitted
Your job 6720336 ("run2_CDT") has been submitted
Unable to run job 6720336
Your job 6726623 ("variant_surveillance") has been submitted
Job 6726623 exited with exit code 0.
Your job 6726768 ("run1_CDT") has been submitted
Your job 6726769 ("run2_CDT") has been submitted
Job 6726769 exited with exit code 0.
Your job 6995653 ("variant_surveillance") has been submitted
Job 6995653 exited with exit code 0.
Your job 6996308 ("run1_CDT") has been submitted
Your job 6996310 ("run2_CDT") has been submitted
Unable to run job 6996310
Your job 6996556 ("variant_surveillance") has been submitted
Unable to run job 6996556
Your job 6996596 ("run1_CDT") has been submitted
Your job 7018903 ("variant_surveillance") has been submitted
Job 7018903 exited with exit code 0.
Your job 7019006 ("run1_CDT") has been submitted
Your job 7019007 ("run2_CDT") has been submitted
Job 7019007 exited with exit code 0.
Your job 7392238 ("variant_surveillance") has been submitted
Job 7392238 exited with exit code 0.
Your job 7392452 ("run1_CDT") has been submitted
Your job 7392453 ("run2_CDT") has been submitted
Unable to run job 7392453
Your job 7404170 ("variant_surveillance") has been submitted
Job 7404170 exited with exit code 0.
Your job 7404450 ("run1_CDT") has been submitted
Your job 7404452 ("run2_CDT") has been submitted
Job 7404452 exited with exit code 0.
Your job 7725824 ("variant_surveillance") has been submitted
Job 7725824 exited with exit code 0.
Your job 7726155 ("run1_CDT") has been submitted
Your job 7726156 ("run2_CDT") has been submitted
Unable to run job 7726156
Your job 7741086 ("variant_surveillance") has been submitted
Job 7741086 exited with exit code 0.
Your job 7741908 ("run1_CDT") has been submitted
Your job 7741910 ("run2_CDT") has been submitted
Job 7741910 exited with exit code 0.
Your job 7779467 ("variant_surveillance") has been submitted
Job 7779467 exited with exit code 0.
Your job 7781971 ("run1_CDT") has been submitted
Your job 7781972 ("run2_CDT") has been submitted
Job 7781972 exited with exit code 0.
Your job 8047575 ("variant_surveillance") has been submitted
Job 8047575 exited with exit code 1.
Your job 8047992 ("variant_surveillance") has been submitted
Job 8047992 exited with exit code 1.
Your job 8048050 ("variant_surveillance") has been submitted
Job 8048050 exited with exit code 1.
Your job 8048110 ("variant_surveillance") has been submitted
Job 8048110 exited with exit code 1.
Your job 8048118 ("variant_surveillance") has been submitted
Job 8048118 exited with exit code 1.
Your job 8048142 ("variant_surveillance") has been submitted
Job 8048142 exited with exit code 1.
Your job 8049242 ("variant_surveillance") has been submitted
Job 8049242 exited with exit code 1.
Your job 8049932 ("variant_surveillance") has been submitted
Job 8049932 exited with exit code 1.
Your job 8050075 ("variant_surveillance") has been submitted
Job 8050075 exited with exit code 0.
Your job 8050601 ("run1_CDT") has been submitted
Your job 8051584 ("variant_surveillance") has been submitted
Job 8051584 exited with exit code 0.
Your job 8052715 ("run1_CDT") has been submitted
Your job 8052716 ("run2_CDT") has been submitted
Job 8052716 exited with exit code 0.
Your job 8069895 ("variant_surveillance") has been submitted
Job 8069895 exited with exit code 0.
Your job 8070179 ("run1_CDT") has been submitted
Your job 8070180 ("run2_CDT") has been submitted
Job 8070180 exited with exit code 0.
Your job 8666254 ("variant_surveillance") has been submitted
Job 8666254 exited with exit code 0.
Your job 8666656 ("run1_CDT") has been submitted
Your job 8666657 ("run2_CDT") has been submitted
Unable to run job 8666657
Your job 8684499 ("variant_surveillance") has been submitted
Job 8684499 exited with exit code 0.
Your job 8684855 ("run1_CDT") has been submitted
Your job 8684856 ("run2_CDT") has been submitted
Job 8684856 exited with exit code 0.
Your job 9156863 ("variant_surveillance") has been submitted
Job 9156863 exited with exit code 0.
Your job 9156962 ("run1_CDT") has been submitted
Your job 9156963 ("run2_CDT") has been submitted
Unable to run job 9156963
Your job 9171076 ("variant_surveillance") has been submitted
Job 9171076 exited with exit code 0.
Your job 9171457 ("run1_CDT") has been submitted
Your job 9171458 ("run2_CDT") has been submitted
Job 9171458 exited with exit code 0.
Your job 9558867 ("variant_surveillance") has been submitted
Job 9558867 exited with exit code 0.
Your job 9559251 ("run1_CDT") has been submitted
Your job 9559252 ("run2_CDT") has been submitted
Unable to run job 9559252
Your job 9586717 ("variant_surveillance") has been submitted
Job 9586717 exited with exit code 0.
Your job 9589599 ("run1_CDT") has been submitted
Your job 9589601 ("run2_CDT") has been submitted
Job 9589601 exited with exit code 0.
Your job 9601947 ("variant_surveillance") has been submitted
Job 9601947 exited with exit code 0.
Your job 9602144 ("run1_CDT") has been submitted
Your job 9602145 ("run2_CDT") has been submitted
Job 9602145 exited with exit code 0.
Your job 9637867 ("variant_surveillance") has been submitted
Unable to run job 9637867
Your job 9638106 ("run1_CDT") has been submitted
Your job 9638421 ("variant_surveillance") has been submitted
Unable to run job 9638421
Your job 9638688 ("run1_CDT") has been submitted
Your job 9638757 ("variant_surveillance") has been submitted
Unable to run job 9638757
Your job 9640231 ("run1_CDT") has been submitted
Your job 9640631 ("variant_surveillance") has been submitted
Job 9640631 exited with exit code 0.
Your job 9642646 ("run1_CDT") has been submitted
Your job 9642647 ("run2_CDT") has been submitted
Job 9642647 exited with exit code 0.
Your job 9786749 ("variant_surveillance") has been submitted
Job 9786749 exited with exit code 0.
Your job 9786795 ("run1_CDT") has been submitted
Your job 9786796 ("run2_CDT") has been submitted
Unable to run job 9786796
Your job 9788842 ("variant_surveillance") has been submitted
Job 9788842 exited with exit code 0.
Your job 9788843 ("run1_CDT") has been submitted
Your job 9788844 ("run2_CDT") has been submitted
Job 9788844 exited with exit code 0.
Your job 10081679 ("variant_surveillance") has been submitted
Job 10081679 exited with exit code 0.
Your job 10081681 ("run1_CDT") has been submitted
Your job 10081682 ("run2_CDT") has been submitted
Job 10081682 exited with exit code 0.
