Loading required package: grid
Loading required package: Matrix
Loading required package: survival

Attaching package: ‘survey’

The following object is masked from ‘package:graphics’:

    dotchart


Attaching package: ‘dplyr’

The following objects are masked from ‘package:data.table’:

    between, first, last

The following objects are masked from ‘package:stats’:

    filter, lag

The following objects are masked from ‘package:base’:

    intersect, setdiff, setequal, union

`summarise()` has grouped output by 'fnt'. You can override using the `.groups` argument.
Loading required package: grid
Loading required package: Matrix
Loading required package: survival

Attaching package: ‘survey’

The following object is masked from ‘package:graphics’:

    dotchart


Attaching package: ‘dplyr’

The following objects are masked from ‘package:data.table’:

    between, first, last

The following objects are masked from ‘package:stats’:

    filter, lag

The following objects are masked from ‘package:base’:

    intersect, setdiff, setequal, union

`summarise()` has grouped output by 'fnt'. You can override using the `.groups` argument.
Warning in prop.test(x = nsuccess, n = ntry, conf.level = 0.95) :
  Chi-squared approximation may be incorrect
Warning in prop.test(x = nsuccess, n = ntry, conf.level = 0.95) :
  Chi-squared approximation may be incorrect
Warning in prop.test(x = nsuccess, n = ntry, conf.level = 0.95) :
  Chi-squared approximation may be incorrect
Warning in prop.test(x = nsuccess, n = ntry, conf.level = 0.95) :
  Chi-squared approximation may be incorrect
Warning in prop.test(x = nsuccess, n = ntry, conf.level = 0.95) :
  Chi-squared approximation may be incorrect
Warning in prop.test(x = nsuccess, n = ntry, conf.level = 0.95) :
  Chi-squared approximation may be incorrect
Warning in prop.test(x = nsuccess, n = ntry, conf.level = 0.95) :
  Chi-squared approximation may be incorrect
Warning in prop.test(x = nsuccess, n = ntry, conf.level = 0.95) :
  Chi-squared approximation may be incorrect
Warning in prop.test(x = nsuccess, n = ntry, conf.level = 0.95) :
  Chi-squared approximation may be incorrect
Warning in prop.test(x = nsuccess, n = ntry, conf.level = 0.95) :
  Chi-squared approximation may be incorrect
Warning in prop.test(x = nsuccess, n = ntry, conf.level = 0.95) :
  Chi-squared approximation may be incorrect
Warning in prop.test(x = nsuccess, n = ntry, conf.level = 0.95) :
  Chi-squared approximation may be incorrect
Warning in prop.test(x = nsuccess, n = ntry, conf.level = 0.95) :
  Chi-squared approximation may be incorrect
Warning in prop.test(x = nsuccess, n = ntry, conf.level = 0.95) :
  Chi-squared approximation may be incorrect
Warning in prop.test(x = nsuccess, n = ntry, conf.level = 0.95) :
  Chi-squared approximation may be incorrect
Warning in prop.test(x = nsuccess, n = ntry, conf.level = 0.95) :
  Chi-squared approximation may be incorrect
Warning in prop.test(x = nsuccess, n = ntry, conf.level = 0.95) :
  Chi-squared approximation may be incorrect
Warning in prop.test(x = nsuccess, n = ntry, conf.level = 0.95) :
  Chi-squared approximation may be incorrect
Warning in prop.test(x = nsuccess, n = ntry, conf.level = 0.95) :
  Chi-squared approximation may be incorrect
Loading required package: grid
Loading required package: Matrix
Loading required package: survival

Attaching package: ‘survey’

The following object is masked from ‘package:graphics’:

    dotchart


Attaching package: ‘dplyr’

The following objects are masked from ‘package:data.table’:

    between, first, last

The following objects are masked from ‘package:stats’:

    filter, lag

The following objects are masked from ‘package:base’:

    intersect, setdiff, setequal, union

`summarise()` has grouped output by 'fnt'. You can override using the `.groups` argument.
Warning in prop.test(x = nsuccess, n = ntry, conf.level = 0.95) :
  Chi-squared approximation may be incorrect
Warning in prop.test(x = nsuccess, n = ntry, conf.level = 0.95) :
  Chi-squared approximation may be incorrect
Warning in prop.test(x = nsuccess, n = ntry, conf.level = 0.95) :
  Chi-squared approximation may be incorrect
Warning in prop.test(x = nsuccess, n = ntry, conf.level = 0.95) :
  Chi-squared approximation may be incorrect
Warning in prop.test(x = nsuccess, n = ntry, conf.level = 0.95) :
  Chi-squared approximation may be incorrect
Warning in prop.test(x = nsuccess, n = ntry, conf.level = 0.95) :
  Chi-squared approximation may be incorrect
Warning in prop.test(x = nsuccess, n = ntry, conf.level = 0.95) :
  Chi-squared approximation may be incorrect
Warning in prop.test(x = nsuccess, n = ntry, conf.level = 0.95) :
  Chi-squared approximation may be incorrect
Warning in prop.test(x = nsuccess, n = ntry, conf.level = 0.95) :
  Chi-squared approximation may be incorrect
Warning in prop.test(x = nsuccess, n = ntry, conf.level = 0.95) :
  Chi-squared approximation may be incorrect
Warning in prop.test(x = nsuccess, n = ntry, conf.level = 0.95) :
  Chi-squared approximation may be incorrect
Warning in prop.test(x = nsuccess, n = ntry, conf.level = 0.95) :
  Chi-squared approximation may be incorrect
Warning in prop.test(x = nsuccess, n = ntry, conf.level = 0.95) :
  Chi-squared approximation may be incorrect
Warning in prop.test(x = nsuccess, n = ntry, conf.level = 0.95) :
  Chi-squared approximation may be incorrect
Warning in prop.test(x = nsuccess, n = ntry, conf.level = 0.95) :
  Chi-squared approximation may be incorrect
Warning in prop.test(x = nsuccess, n = ntry, conf.level = 0.95) :
  Chi-squared approximation may be incorrect
Warning in prop.test(x = nsuccess, n = ntry, conf.level = 0.95) :
  Chi-squared approximation may be incorrect
Warning in prop.test(x = nsuccess, n = ntry, conf.level = 0.95) :
  Chi-squared approximation may be incorrect
Warning in prop.test(x = nsuccess, n = ntry, conf.level = 0.95) :
  Chi-squared approximation may be incorrect
Loading required package: grid
Loading required package: Matrix
Loading required package: survival

Attaching package: ‘survey’

The following object is masked from ‘package:graphics’:

    dotchart


Attaching package: ‘dplyr’

The following objects are masked from ‘package:data.table’:

    between, first, last

The following objects are masked from ‘package:stats’:

    filter, lag

The following objects are masked from ‘package:base’:

    intersect, setdiff, setequal, union

`summarise()` has grouped output by 'fnt'. You can override using the `.groups` argument.
Loading required package: grid
Loading required package: Matrix
Loading required package: survival

Attaching package: ‘survey’

The following object is masked from ‘package:graphics’:

    dotchart


Attaching package: ‘dplyr’

The following objects are masked from ‘package:data.table’:

    between, first, last

The following objects are masked from ‘package:stats’:

    filter, lag

The following objects are masked from ‘package:base’:

    intersect, setdiff, setequal, union

`summarise()` has grouped output by 'fnt'. You can override using the `.groups` argument.
Warning in prop.test(x = nsuccess, n = ntry, conf.level = 0.95) :
  Chi-squared approximation may be incorrect
Warning in prop.test(x = nsuccess, n = ntry, conf.level = 0.95) :
  Chi-squared approximation may be incorrect
Warning in prop.test(x = nsuccess, n = ntry, conf.level = 0.95) :
  Chi-squared approximation may be incorrect
Warning in prop.test(x = nsuccess, n = ntry, conf.level = 0.95) :
  Chi-squared approximation may be incorrect
Warning in prop.test(x = nsuccess, n = ntry, conf.level = 0.95) :
  Chi-squared approximation may be incorrect
Warning in prop.test(x = nsuccess, n = ntry, conf.level = 0.95) :
  Chi-squared approximation may be incorrect
Warning in prop.test(x = nsuccess, n = ntry, conf.level = 0.95) :
  Chi-squared approximation may be incorrect
Warning in prop.test(x = nsuccess, n = ntry, conf.level = 0.95) :
  Chi-squared approximation may be incorrect
Warning in prop.test(x = nsuccess, n = ntry, conf.level = 0.95) :
  Chi-squared approximation may be incorrect
Warning in prop.test(x = nsuccess, n = ntry, conf.level = 0.95) :
  Chi-squared approximation may be incorrect
Warning in prop.test(x = nsuccess, n = ntry, conf.level = 0.95) :
  Chi-squared approximation may be incorrect
Warning in prop.test(x = nsuccess, n = ntry, conf.level = 0.95) :
  Chi-squared approximation may be incorrect
Warning in prop.test(x = nsuccess, n = ntry, conf.level = 0.95) :
  Chi-squared approximation may be incorrect
Warning in prop.test(x = nsuccess, n = ntry, conf.level = 0.95) :
  Chi-squared approximation may be incorrect
Warning in prop.test(x = nsuccess, n = ntry, conf.level = 0.95) :
  Chi-squared approximation may be incorrect
Warning in prop.test(x = nsuccess, n = ntry, conf.level = 0.95) :
  Chi-squared approximation may be incorrect
Warning in prop.test(x = nsuccess, n = ntry, conf.level = 0.95) :
  Chi-squared approximation may be incorrect
Warning in prop.test(x = nsuccess, n = ntry, conf.level = 0.95) :
  Chi-squared approximation may be incorrect
Warning in prop.test(x = nsuccess, n = ntry, conf.level = 0.95) :
  Chi-squared approximation may be incorrect
Warning in prop.test(x = nsuccess, n = ntry, conf.level = 0.95) :
  Chi-squared approximation may be incorrect
