Loading required package: DBI
Loading required package: dplyr

Attaching package: ‘dplyr’

The following objects are masked from ‘package:stats’:

    filter, lag

The following objects are masked from ‘package:base’:

    intersect, setdiff, setequal, union

Loading required package: rJava

Attaching package: ‘data.table’

The following objects are masked from ‘package:dplyr’:

    between, first, last

ERROR StatusLogger No Log4j 2 configuration file found. Using default configuration (logging only errors to the console), or user programmatically provided configurations. Set system property 'log4j2.debug' to show Log4j 2 internal initialization logging. See https://logging.apache.org/log4j/2.x/manual/configuration.html for instructions on how to configure Log4j 2
Loading required package: DBI
Loading required package: dplyr

Attaching package: ‘dplyr’

The following objects are masked from ‘package:stats’:

    filter, lag

The following objects are masked from ‘package:base’:

    intersect, setdiff, setequal, union

Loading required package: rJava

Attaching package: ‘data.table’

The following objects are masked from ‘package:dplyr’:

    between, first, last

ERROR StatusLogger No Log4j 2 configuration file found. Using default configuration (logging only errors to the console), or user programmatically provided configurations. Set system property 'log4j2.debug' to show Log4j 2 internal initialization logging. See https://logging.apache.org/log4j/2.x/manual/configuration.html for instructions on how to configure Log4j 2
Loading required package: DBI
Loading required package: dplyr

Attaching package: ‘dplyr’

The following objects are masked from ‘package:stats’:

    filter, lag

The following objects are masked from ‘package:base’:

    intersect, setdiff, setequal, union

Loading required package: rJava

Attaching package: ‘data.table’

The following objects are masked from ‘package:dplyr’:

    between, first, last

Error in c("BA.2.75.2", "BQ.1", "BQ.1.1", "BA.1.1", "BA.2", "BA.2.12.1",  : 
  argument 58 is empty
Calls: source -> withVisible -> eval -> eval
Execution halted
Loading required package: DBI
Loading required package: dplyr

Attaching package: ‘dplyr’

The following objects are masked from ‘package:stats’:

    filter, lag

The following objects are masked from ‘package:base’:

    intersect, setdiff, setequal, union

Loading required package: rJava

Attaching package: ‘data.table’

The following objects are masked from ‘package:dplyr’:

    between, first, last

Error in c("BA.2.75.2", "BQ.1", "BQ.1.1", "BA.1.1", "BA.2", "BA.2.12.1",  : 
  argument 58 is empty
Calls: source -> withVisible -> eval -> eval
Execution halted
Loading required package: DBI
Loading required package: dplyr

Attaching package: ‘dplyr’

The following objects are masked from ‘package:stats’:

    filter, lag

The following objects are masked from ‘package:base’:

    intersect, setdiff, setequal, union

Loading required package: rJava

Attaching package: ‘data.table’

The following objects are masked from ‘package:dplyr’:

    between, first, last

Error in c("BA.2.75.2", "BQ.1", "BQ.1.1", "BA.1.1", "BA.2", "BA.2.12.1",  : 
  argument 58 is empty
Calls: source -> withVisible -> eval -> eval
Execution halted
Loading required package: DBI
Loading required package: dplyr

Attaching package: ‘dplyr’

The following objects are masked from ‘package:stats’:

    filter, lag

The following objects are masked from ‘package:base’:

    intersect, setdiff, setequal, union

Loading required package: rJava

Attaching package: ‘data.table’

The following objects are masked from ‘package:dplyr’:

    between, first, last

Error in c("BA.2.75.2", "BQ.1", "BQ.1.1", "BA.1.1", "BA.2", "BA.2.12.1",  : 
  argument 58 is empty
Calls: source -> withVisible -> eval -> eval
Execution halted
Loading required package: DBI
Loading required package: dplyr

Attaching package: ‘dplyr’

The following objects are masked from ‘package:stats’:

    filter, lag

The following objects are masked from ‘package:base’:

    intersect, setdiff, setequal, union

Loading required package: rJava

Attaching package: ‘data.table’

The following objects are masked from ‘package:dplyr’:

    between, first, last

Error in c("BA.2.75.2", "BQ.1", "BQ.1.1", "BA.1.1", "BA.2", "BA.2.12.1",  : 
  argument 58 is empty
Calls: source -> withVisible -> eval -> eval
Execution halted
Loading required package: DBI
Loading required package: dplyr

Attaching package: ‘dplyr’

The following objects are masked from ‘package:stats’:

    filter, lag

The following objects are masked from ‘package:base’:

    intersect, setdiff, setequal, union

Loading required package: rJava

Attaching package: ‘data.table’

The following objects are masked from ‘package:dplyr’:

    between, first, last

ERROR StatusLogger No Log4j 2 configuration file found. Using default configuration (logging only errors to the console), or user programmatically provided configurations. Set system property 'log4j2.debug' to show Log4j 2 internal initialization logging. See https://logging.apache.org/log4j/2.x/manual/configuration.html for instructions on how to configure Log4j 2
Loading required package: DBI
Loading required package: dplyr

Attaching package: ‘dplyr’

The following objects are masked from ‘package:stats’:

    filter, lag

The following objects are masked from ‘package:base’:

    intersect, setdiff, setequal, union

Loading required package: rJava

Attaching package: ‘data.table’

The following objects are masked from ‘package:dplyr’:

    between, first, last

ERROR StatusLogger No Log4j 2 configuration file found. Using default configuration (logging only errors to the console), or user programmatically provided configurations. Set system property 'log4j2.debug' to show Log4j 2 internal initialization logging. See https://logging.apache.org/log4j/2.x/manual/configuration.html for instructions on how to configure Log4j 2
Loading required package: DBI
Loading required package: dplyr

Attaching package: ‘dplyr’

The following objects are masked from ‘package:stats’:

    filter, lag

The following objects are masked from ‘package:base’:

    intersect, setdiff, setequal, union

Loading required package: rJava

Attaching package: ‘data.table’

The following objects are masked from ‘package:dplyr’:

    between, first, last

ERROR StatusLogger No Log4j 2 configuration file found. Using default configuration (logging only errors to the console), or user programmatically provided configurations. Set system property 'log4j2.debug' to show Log4j 2 internal initialization logging. See https://logging.apache.org/log4j/2.x/manual/configuration.html for instructions on how to configure Log4j 2
Loading required package: DBI
Loading required package: dplyr

Attaching package: ‘dplyr’

The following objects are masked from ‘package:stats’:

    filter, lag

The following objects are masked from ‘package:base’:

    intersect, setdiff, setequal, union

Loading required package: rJava

Attaching package: ‘data.table’

The following objects are masked from ‘package:dplyr’:

    between, first, last

ERROR StatusLogger No Log4j 2 configuration file found. Using default configuration (logging only errors to the console), or user programmatically provided configurations. Set system property 'log4j2.debug' to show Log4j 2 internal initialization logging. See https://logging.apache.org/log4j/2.x/manual/configuration.html for instructions on how to configure Log4j 2
Loading required package: DBI
Loading required package: dplyr

Attaching package: ‘dplyr’

The following objects are masked from ‘package:stats’:

    filter, lag

The following objects are masked from ‘package:base’:

    intersect, setdiff, setequal, union

Loading required package: rJava

Attaching package: ‘data.table’

The following objects are masked from ‘package:dplyr’:

    between, first, last

ERROR StatusLogger No Log4j 2 configuration file found. Using default configuration (logging only errors to the console), or user programmatically provided configurations. Set system property 'log4j2.debug' to show Log4j 2 internal initialization logging. See https://logging.apache.org/log4j/2.x/manual/configuration.html for instructions on how to configure Log4j 2
Error in .jcall(drv@jdrv, "Ljava/sql/Connection;", "connect", as.character(url)[1],  : 
  java.sql.SQLException: [Cloudera][ImpalaJDBCDriver](500164) Error initialized or created transport for authentication: [Cloudera][ImpalaJDBCDriver](500592) Authentication failed..
Calls: <Anonymous> -> <Anonymous> -> .local -> .jcall -> .jcheck
Execution halted
Loading required package: DBI
Loading required package: dplyr

Attaching package: ‘dplyr’

The following objects are masked from ‘package:stats’:

    filter, lag

The following objects are masked from ‘package:base’:

    intersect, setdiff, setequal, union

Loading required package: rJava

Attaching package: ‘data.table’

The following objects are masked from ‘package:dplyr’:

    between, first, last

ERROR StatusLogger No Log4j 2 configuration file found. Using default configuration (logging only errors to the console), or user programmatically provided configurations. Set system property 'log4j2.debug' to show Log4j 2 internal initialization logging. See https://logging.apache.org/log4j/2.x/manual/configuration.html for instructions on how to configure Log4j 2
Loading required package: DBI
Loading required package: dplyr

Attaching package: ‘dplyr’

The following objects are masked from ‘package:stats’:

    filter, lag

The following objects are masked from ‘package:base’:

    intersect, setdiff, setequal, union

Loading required package: rJava

Attaching package: ‘data.table’

The following objects are masked from ‘package:dplyr’:

    between, first, last

ERROR StatusLogger No Log4j 2 configuration file found. Using default configuration (logging only errors to the console), or user programmatically provided configurations. Set system property 'log4j2.debug' to show Log4j 2 internal initialization logging. See https://logging.apache.org/log4j/2.x/manual/configuration.html for instructions on how to configure Log4j 2
