[1] "Pulling data from CDP"
WARNING: sun.reflect.Reflection.getCallerClass is not supported. This will impact performance.
[1] "Finished reading in data."
[1] "Removing 55 sequences from \"Broad Institute's Genomic Center For Infectious Diseases (GCID)\" collected since 2023-01-01"
NULL
[1] "Compare newly added labs to all labs to look for typos:"
[1] "\nnewly added lab names:"
[1] "CALIFORNIA_DEPARTMENT_OF_PUBLIC_HEALTH"
[1] ""
[1] "All lab names"
  [1] "AEGIS SCIENCES CORPORATION"                                                                                                
  [2] "ALASKA NATIVE MEDICAL CENTER LABORATORY"                                                                                   
  [3] "ALASKA STATE VIROLOGY LABORATORY"                                                                                          
  [4] "ALVERNO LABORATORIES"                                                                                                      
  [5] "ANDERSEN LAB AT SCRIPPS RESEARCH"                                                                                          
  [6] "ANN & ROBERT H. LURIE CHILDREN'S HOSPITAL OF CHICAGO"                                                                      
  [7] "ARIZONA STATE PUBLIC HEALTH LABORATORY"                                                                                    
  [8] "ARIZONA STATE UNIVERSITY"                                                                                                  
  [9] "BOISE STATE UNIVERSITY GENETICS AND INFECTIOUS DISEASE LABORATORY"                                                         
 [10] "BOISE VA MEDICAL CENTER"                                                                                                   
 [11] "BROAD INSTITUTE"                                                                                                           
 [12] "BUSHMAN LAB, UNIVERSITY OF PENNSYLVANIA"                                                                                   
 [13] "BVAMC, RD"                                                                                                                 
 [14] "CALIFORNIA DEPARTMENT OF PUBLIC HEALTH"                                                                                    
 [15] "CALIFORNIA_DEPARTMENT_OF_PUBLIC_HEALTH"                                                                                    
 [16] "CDC_DVD_GENOMICS_AND_DISCOVERY_TEAM"                                                                                       
 [17] "CENTER FOR GLOBAL HEALTH, UNIVERSITY OF NEW MEXICO HEALTH SCIENCES CENTER"                                                 
 [18] "CENTER FOR PATHOGEN GENOMICS AND MICROBIAL EVOLUTION, NORTHWESTERN UNIVERSITY"                                             
 [19] "CENTERS FOR DISEASE CONTROL AND PREVENTION   DIVISION OF VIRAL DISEASES, PATHOGEN DISCOVERY"                               
 [20] "CENTERS FOR DISEASE CONTROL AND PREVENTION DIVISION OF VIRAL DISEASES, PATHOGEN DISCOVERY"                                 
 [21] "CENTERS FOR DISEASE CONTROL AND PREVENTION, DENGUE BRANCH"                                                                 
 [22] "CHICAGO LAB, ILLINOIS DEPARTMENT OF PUBLIC HEALTH"                                                                         
 [23] "CITY OF MILWAUKEE HEALTH DEPARTMENT LABORATORY"                                                                            
 [24] "CLINIQUES UNIVERSITAIRES SAINT LUC-UCL BRUXELLES"                                                                          
 [25] "COLORADO DEPARTMENT OF PUBLIC HEALTH AND ENVIRONMENT"                                                                      
 [26] "CONTRA COSTA PUBLIC HEALTH LABORATORY"                                                                                     
 [27] "COUNTY OF SAN LUIS OBISPO PHL"                                                                                             
 [28] "CT DPH"                                                                                                                    
 [29] "DELAWARE PHL"                                                                                                              
 [30] "DEPARTMENT OF FORENSIC SCIENCES, DISTRICT OF COLOMBIA PUBLIC HEALTH LABORATORY"                                            
 [31] "DIAGNOSTIC GENOMICS LABORATORY"                                                                                            
 [32] "DR. SUMAN DAS LAB - VANDERBILT UNIVERSITY MEDICAL CENTER"                                                                  
 [33] "ENVIRONMENTAL, AGRICULTURAL"                                                                                               
 [34] "FLORIDA BUREAU OF PUBLIC HEALTH LABORATORIES"                                                                              
 [35] "FLORIDA DEPARTMENT OF HEALTH"                                                                                              
 [36] "FULGENT GENETICS"                                                                                                          
 [37] "FYR DIAGNOSTICS"                                                                                                           
 [38] "GA DEPARTMENT OF PUBLIC HEALTH"                                                                                            
 [39] "GAGNON LAB, SOUTHERN ILLINOIS UNIVERSITY"                                                                                  
 [40] "GENOMICS AND DISCOVERY, RESPIRATORY VIRUSES BRANCH, DIVISION OF VIRAL DISEASES, CENTERS FOR DISEASE CONTROL AND PREVENTION"
 [41] "GINKGO BIOWORKS CONCENTRIC"                                                                                                
 [42] "GRAMBLING STATE UNIVERSITY"                                                                                                
 [43] "GRUBAUGH LAB - YALE SCHOOL OF PUBLIC HEALTH"                                                                               
 [44] "HELIX"                                                                                                                     
 [45] "HOUSTON HEALTH DEPT"                                                                                                       
 [46] "IBL"                                                                                                                       
 [47] "IDAHO BUREAU OF LABORATORIES"                                                                                              
 [48] "ILLINOIS DEPARTMENT OF PUBLIC HEALTH"                                                                                      
 [49] "ILLINOIS DEPARTMENT OF PUBLIC HEALTH - CHICAGO LAB"                                                                        
 [50] "ILLINOIS DEPARTMENT OF PUBLIC HEALTH - SPRINGFIELD LAB"                                                                    
 [51] "INDIANA DEPARTMENT OF HEALTH LABORATORIES"                                                                                 
 [52] "INDIANA STATE DEPARTMENT OF HEALTH LABORATORY SERVICES"                                                                    
 [53] "INFECTIOUS DISEASES, NC SLPH COVID-19 RESPONSE TEAM"                                                                       
 [54] "INFINITY BIOLOGIX"                                                                                                         
 [55] "INSTITUTE OF ARCTIC BIOLOGY"                                                                                               
 [56] "INTERNAL MEDICINE, THE UNIVERSITY OF NEW MEXICO HEALTH SCIENCES CENTER"                                                    
 [57] "JAMES MOLECULAR LABORATORY"                                                                                                
 [58] "KANSAS HEALTH AND ENVIRONMENTAL LAB"                                                                                       
 [59] "LABORATORY CORPORATION OF AMERICA"                                                                                         
 [60] "LABORATORY MEDICINE AND PATHOLOGY, UNIVERSITY OF WASHINGTON"                                                               
 [61] "LAURING LAB, UNIVERSITY OF MICHIGAN"                                                                                       
 [62] "LOS ANGELES COUNTY PUBLIC HEALTH LABORATORY"                                                                               
 [63] "LOUISIANA STATE UNIVERSITY HEALTH SHREVEPORT - EMERGING VIRAL THREAT LAB"                                                  
 [64] "LOUISIANA STATE UNIVERSITY HEALTH SHREVEPORT, EMERGING VIRAL THREAT LAB"                                                   
 [65] "LOUISIANA TECH UNIVERSITY"                                                                                                 
 [66] "LOYOLA UNIVERSITY MEDICAL CENTER"                                                                                          
 [67] "LSU LAB"                                                                                                                   
 [68] "MAKO MEDICAL"                                                                                                              
 [69] "MARYLAND PUBLIC HEALTH LABORATORY"                                                                                         
 [70] "MASS GENERAL BRIGHAM"                                                                                                      
 [71] "MASSACHUSETTS GENERAL HOSPITAL"                                                                                            
 [72] "MASSACHUSETTS STATE PUBLIC HEALTH LAB"                                                                                     
 [73] "MD-DPH"                                                                                                                    
 [74] "MICHIGAN DEPARTMENT OF HEALTH AND HUMAN SERVICES"                                                                          
 [75] "MICHIGAN_DEPARTMENT_OF_HEALTH_AND_HUMAN_SERVICES"                                                                          
 [76] "MICROBIAL GENOME SEQUENCING CENTER"                                                                                        
 [77] "MINNESOTA_DEPARTMENT_OF_HEALTH_INFECTIOUS_DISEASE_LABORATORY_SUBMISSION_GROUP"                                             
 [78] "MISSISSIPPI PHL"                                                                                                           
 [79] "MISSISSIPPI STATE DEPARTMENT OF HEALTH"                                                                                    
 [80] "MISSISSIPPI_PUBLIC_HEALTH_LAB"                                                                                             
 [81] "MISSOURI STATE PUBLIC HEALTH LABORATORY"                                                                                   
 [82] "MN-DPH"                                                                                                                    
 [83] "MOLECULAR & GENOMIC PATHOLOGY LABORATORY, THOMAS JEFFERSON UNIVERSITY HOSPITAL"                                            
 [84] "MONTANA PUBLIC HEALTH LABORATORY"                                                                                          
 [85] "MONTEREY COUNTY PUBLIC HEALTH LABORATORY"                                                                                  
 [86] "MS PUBLIC HEALTH LAB (PHL)"                                                                                                
 [87] "MSHS PATHOGEN SURVEILLANCE PROGRAM"                                                                                        
 [88] "NAPA-SOLANO-YOLO-MARIN-MENDOCINO COUNTY PUBLIC HEALTH LABORATORY"                                                          
 [89] "NCSLPH"                                                                                                                    
 [90] "NEBRASKA MEDICINE"                                                                                                         
 [91] "NEBRASKA PUBLIC HEALTH LABORATORY - COVID-19 RESPONSE TEAM"                                                                
 [92] "NEBRASKA PUBLIC HEALTH LABORATORY COVID-19 RESPONSE TEAM"                                                                  
 [93] "NEBRASKA PUBLIC HEALTH LABORATORY NPHL COVID-19 RESPONSE TEAM"                                                             
 [94] "NEBRASKA PUBLIC HEALTH LABORATORY, COVID-19 RESPONSE TEAM"                                                                 
 [95] "NEVADA STATE PUBLIC HEALTH LABORATORY"                                                                                     
 [96] "NEW ENGLAND BIOLABS"                                                                                                       
 [97] "NEW MEXICO DEPARTMENT OF HEALTH SCIENTIFIC LABORATORY"                                                                     
 [98] "NEW YORK CITY PUBLIC HEALTH LABORATORY"                                                                                    
 [99] "NEW_MEXICO_DEPARTMENT_OF_HEALTH_SCIENTIFIC_LABORATORY"                                                                     
[100] "NJ-DPH"                                                                                                                    
[101] "NORTH CAROLINA STATE LABORATORY PUBLIC HEALTH (NCSLPH)"                                                                    
[102] "NORTHWESTERN UNIVERSITY - CENTER FOR PATHOGEN GENOMICS AND MICROBIAL EVOLUTION"                                            
[103] "NPHL COVID-19 RESPONSE TEAM"                                                                                               
[104] "NS3"                                                                                                                       
[105] "OHIO DEPARTMENT OF HEALTH LABORATORY"                                                                                      
[106] "OHSU MM LAB"                                                                                                               
[107] "OMEGA DIAGNLOSTICS"                                                                                                        
[108] "OMEGA DIAGNOSTICS"                                                                                                         
[109] "OMEGA DIAGNOSTICS AT MOUENS"                                                                                               
[110] "OMEGA DIAGNOSTICS AT MOUNES"                                                                                               
[111] "OMEGA DIAGNSOTICS"                                                                                                         
[112] "OMEGA DIAGOSTICS"                                                                                                          
[113] "OMEGA DIGNOSTICS"                                                                                                          
[114] "Orange County PHL"                                                                                                         
[115] "OREGON SARS-COV-2 GENOME SEQUENCING CENTER"                                                                                
[116] "OREGON STATE PUBLIC HEALTH LABORATORY"                                                                                     
[117] "OTHER"                                                                                                                     
[118] "PATHOGEN DISCOVERY, RESPIRATORY VIRUSES BRANCH, DIVISION OF VIRAL DISEASES, CENTERS FOR DISEASE CONTROL AND PREVENTION"    
[119] "PENNSYLVANIA DEPARTMENT OF HEALTH BUREAU OF LABORATORIES"                                                                  
[120] "PHILADELPHIA DEPARTMENT OF PUBLIC HEALTH"                                                                                  
[121] "PHILADELPHIA DEPARTMENT OF PUBLIC HEALTH PUBLIC HEALTH LABORATORY"                                                         
[122] "PHILADELPHIA DEPARTMENT OF PUBLIC HEALTH, PUBLIC HEALTH LABORATORY"                                                        
[123] "PIANTADOSI LAB, EMORY DEPARTMENT OF PATHOLOGY"                                                                             
[124] "PLANET"                                                                                                                    
[125] "PUBLIC HEALTH AND ENVIRONMENTAL LABORATORIES"                                                                              
[126] "PUBLIC HEALTH LAB- MOLECULAR, OKLAHOMA DEPARTMENT OF HEALTH"                                                               
[127] "PUBLIC HEALTH LABORATORY DIVISION (PHL), DEPARTMENT OF FORENSIC SCIENCES"                                                  
[128] "PUBLIC HEALTH LABORATORY DIVISION, DISTRICT OF COLOMBIA DEPARTMENT OF FORENSIC SCIENCES"                                   
[129] "PUBLIC HEALTH LABORATORY, JBLM"                                                                                            
[130] "PUBLIC HEALTH LABORATORY, PHILADELPHIA DEPARTMENT OF PUBLIC HEALTH"                                                        
[131] "PUERTO RICO PUBLIC HEALTH LABORATORIES, DEPARTMENT OF MOLECULAR BACTERIOLOGY"                                              
[132] "PUERTO RICO SCIENCE, TECHNOLOGY & RESEARCH TRUST - PRCVSI"                                                                 
[133] "PUERTO_RICO_COVID_19_VARIANT_SURVEILLANCE_INITIATIVE"                                                                      
[134] "QUEST DIAGNOSTICS INCORPORATED"                                                                                            
[135] "REGIONAL INNOVATIVE PUBLIC HEALTH LABORATORY"                                                                              
[136] "REGIONAL INNOVATIVE PUBLIC HEALTH LABORATORY (RIPHL) AT RUSH UNIVERSITY MEDICAL CENTER"                                    
[137] "REGIONAL INNOVATIVE PUBLIC HEALTH LABORATORY AT RUSH UNIVERSITY MEDICAL CENTER"                                            
[138] "RESPIRATORY VIRUSES BRANCH,  CENTERS FOR DISEASE CONTROL AND PREVENTION"                                                   
[139] "RESPIRATORY VIRUSES BRANCH, DIVISION OF VIRAL DISEASES, CENTERS FOR DISEASE CONTROL AND PREVENTION"                        
[140] "RESPIRATORY VIRUSES BRANCH, US CENTERS FOR DISEASE CONTROL AND PREVENTION"                                                 
[141] "RHODE ISLAND STATE HEALTH LABORATORY"                                                                                      
[142] "RIPHL AT RUSH UNIVERSITY MEDICAL CENTER"                                                                                   
[143] "RUSH UNIVERSITY MEDICAL CENTER"                                                                                            
[144] "SACRAMENTO COUNTY PUBLIC HEALTH LABORATORY"                                                                                
[145] "SAN BERNARDINO COUNTY PUBLIC HEALTH LABORATORY"                                                                            
[146] "SAN BERNARDINO COUNTY PUBLIC HEALTH LABORATORY (SBCPHL)"                                                                   
[147] "SAN DIEGO COUNTY PUBLIC HEALTH LABORATORY"                                                                                 
[148] "SAN DIEGO EPIDEMIOLOGY AND RESEARCH FOR COVID HEALTH (SEARCH) ALLIANCE"                                                    
[149] "SAN FRANCISCO PUBLIC HEALTH LABORATORY"                                                                                    
[150] "SAN JOAQUIN COUNTY PHL"                                                                                                    
[151] "SAN MATEO COUNTY PUBLIC HEALTH LAB"                                                                                        
[152] "SANTA CLARA COUNTY PUBLIC HEALTH LABORATORY"                                                                               
[153] "SD-DPH"                                                                                                                    
[154] "SEATTLE FLU STUDY, UNIVERSITY OF WASHINGTON MEDICAL CENTER"                                                                
[155] "SONIC REFERENCE LABORATORY"                                                                                                
[156] "SONOMA COUNTY PHL"                                                                                                         
[157] "SOUTH DAKOTA DEPARTMENT OF HEALTH"                                                                                         
[158] "SOUTH_DAKOTA_DEPARTMENT_OF_HEALTH"                                                                                         
[159] "SOUTHERN NEVADA PUBLIC HEALTH LABORATORY"                                                                                  
[160] "SPRINGFIELD LAB, ILLINOIS DEPARTMENT OF PUBLIC HEALTH"                                                                     
[161] "STATE HYGIENIC LABORATORY"                                                                                                 
[162] "STATE HYGIENIC LABORATORY AT THE UNIVERSITY OF IOWA"                                                                       
[163] "STATE HYGIENIC LABORATORY, UNIVERSITY OF IOWA"                                                                             
[164] "STATE LABORATORIES DIVISION, HAWAII STATE DEPARTMENT OF HEALTH"                                                            
[165] "SUNY UPSTATE MEDICAL UNIVERSITY"                                                                                           
[166] "TENNESSE DEPARTMENT OF HEALTH"                                                                                             
[167] "TEWHEY LAB, THE JACKSON LABORATORY"                                                                                        
[168] "THE BUSHMAN LAB, UPENN"                                                                                                    
[169] "THE PIANTADOSI LAB,  DEPARTMENT OF PATHOLOGY AND LABORATORY MEDICINE, EMORY UNIVERSITY SCHOOL OF MEDICINE"                 
[170] "THE TRANSLATIONAL GENOMICS RESEARCH INSTITUTE (TGEN) NORTH"                                                                
[171] "THE_UNIVERSITY_OF_NEW_MEXICO_HEALTH_SCIENCES_CENTER"                                                                       
[172] "TN DOH LAB SERVICES"                                                                                                       
[173] "TRIPLER ARMY MEDICAL CENTER"                                                                                               
[174] "TRIPLER ARMY MEDICAL CENTER DEPT OF CLINICAL INVESTIGATION"                                                                
[175] "TRIPLER ARMY MEDICAL CENTER, DEPT OF CLINICAL INVESTIGATION"                                                               
[176] "TRIPLER ARMY MEDICAL CENTER, DEPT OF CLINICAL INVESTIGATION,"                                                              
[177] "TRIPLER ARMY MEDICAL CENTER, DEPT OF CLINICAL INVESTIGATION; BLDG 40"                                                      
[178] "TULARE COUNTY PUBLIC HEALTH LABORATORY"                                                                                    
[179] "TX-DPH"                                                                                                                    
[180] "UNC CHARLOTTE ENVIRONMENTAL MONITORING LABORATORY"                                                                         
[181] "UNITED STATES AIR FORCE SCHOOL OF AEROSPACE MEDICINE"                                                                      
[182] "UNIVERSITY OF IDAHO IIDS GBRC"                                                                                             
[183] "UNIVERSITY OF MINNESOTA GENOMICS CENTER"                                                                                   
[184] "UNIVERSITY OF MISSISSIPPI MEDICAL CENTER, MOLECULAR AND GENOMICS CORE FACILITY"                                            
[185] "UNIVERSITY OF NEBRASKA MEDICAL CENTER"                                                                                     
[186] "UNIVERSITY OF NEBRASKA MEDICAL CENTER (UNMC) COVID-19 RESPONSE TEAM"                                                       
[187] "UNIVERSITY OF WASHINGTON, VIROLOGY LAB"                                                                                    
[188] "UNIVERSITY_OF_IOWA"                                                                                                        
[189] "UNIVERSITY_OF_VERMONT"                                                                                                     
[190] "UNMC COVID-19 RESPONSE TEAM"                                                                                               
[191] "US AIR FORCE SCHOOL OF AEROSPACE MEDICINE"                                                                                 
[192] "USC CLINICAL LAB"                                                                                                          
[193] "USC CLINICAL LABORATORIES"                                                                                                 
[194] "UTAH PUBLIC HEALTH LABORATORY"                                                                                             
[195] "UTAH PUBLIC HEALTH LABORATORY. INFECTIOUS DISEASE SUBMISSION GROUP"                                                        
[196] "UW VIROLOGY LAB"                                                                                                           
[197] "VIRGINIA COMMONWEALTH UNIVERSITY"                                                                                          
[198] "VIRGINIA DIVISION OF CONSOLIDATED LABORATORY SERVICES"                                                                     
[199] "VIRGINIA TECH"                                                                                                             
[200] "WADSWORTH CENTER, NEW YORK STATE DEPARTMENT OF HEALTH"                                                                     
[201] "WAKE FOREST SCHOOL OF MEDICINE, INTERNAL MEDICINE"                                                                         
[202] "WASHINGTON STATE DEPARTMENT OF HEALTH PUBLIC HEALTH LABORATORIES"                                                          
[203] "WASHINGTON STATE DEPARTMENT OF HEALTH, PUBLIC HEALTH LABORATORIES"                                                         
[204] "WASHINGTON_STATE_DEPARTMENT_OF_HEALTH_PUBLIC_HEALTH_LABORATORIES"                                                          
[205] "WHOLE GENOME SEQUENCING, MONTANA PUBLIC HEALTH LAB"                                                                        
[206] "WISCONSIN STATE LABORATORY OF HYGIENE COMMUNICABLE DISEASE DIVISION"                                                       
[207] "WYOMING PUBLIC HEALTH LABORATORY"                                                                                          
[1] ""
[1] "At least 100 sequences were added to these old lab-week combinations:"
     LAB2      yr_wk N_new N_old N_net
 1: OTHER 2021-12-12   718   282   436
 2: OTHER 2021-08-29  1565  1171   394
 3: OTHER 2021-10-17   565   255   310
 4: OTHER 2021-11-07   567   261   306
 5: OTHER 2021-12-19   493   237   256
 6: OTHER 2021-10-10   427   202   225
 7: OTHER 2021-08-08   765   555   210
 8: OTHER 2021-10-31   654   457   197
 9: OTHER 2021-08-22   971   777   194
10: OTHER 2021-12-26  1105   948   157
11: OTHER 2022-01-09  3324  3178   146
12: OTHER 2022-01-16  2609  2465   144
13: OTHER 2022-01-02  1597  1460   137
14: OTHER 2021-08-15   707   578   129
15: OTHER 2021-11-14   415   291   124
16: OTHER 2021-09-19   502   389   113
17: OTHER 2021-07-25   639   527   112
18: OTHER 2021-09-12   701   600   101
19: OTHER 2021-09-26   714   614   100
