Loading required package: DBI
Loading required package: dplyr

Attaching package: ‘dplyr’

The following objects are masked from ‘package:stats’:

    filter, lag

The following objects are masked from ‘package:base’:

    intersect, setdiff, setequal, union

Loading required package: rJava
Loading required package: grid
Loading required package: Matrix
Loading required package: survival

Attaching package: ‘survey’

The following object is masked from ‘package:graphics’:

    dotchart


Attaching package: ‘data.table’

The following objects are masked from ‘package:dplyr’:

    between, first, last

ERROR StatusLogger No Log4j 2 configuration file found. Using default configuration (logging only errors to the console), or user programmatically provided configurations. Set system property 'log4j2.debug' to show Log4j 2 internal initialization logging. See https://logging.apache.org/log4j/2.x/manual/configuration.html for instructions on how to configure Log4j 2
Warning message:
Some sequences have weights of NA:  
There were 50 or more warnings (use warnings() to see the first 50)
Loading required package: DBI
Loading required package: dplyr

Attaching package: ‘dplyr’

The following objects are masked from ‘package:stats’:

    filter, lag

The following objects are masked from ‘package:base’:

    intersect, setdiff, setequal, union

Loading required package: rJava
Loading required package: grid
Loading required package: Matrix
Loading required package: survival

Attaching package: ‘survey’

The following object is masked from ‘package:graphics’:

    dotchart


Attaching package: ‘data.table’

The following objects are masked from ‘package:dplyr’:

    between, first, last

ERROR StatusLogger No Log4j 2 configuration file found. Using default configuration (logging only errors to the console), or user programmatically provided configurations. Set system property 'log4j2.debug' to show Log4j 2 internal initialization logging. See https://logging.apache.org/log4j/2.x/manual/configuration.html for instructions on how to configure Log4j 2
There were 50 or more warnings (use warnings() to see the first 50)
Loading required package: DBI
Loading required package: dplyr

Attaching package: ‘dplyr’

The following objects are masked from ‘package:stats’:

    filter, lag

The following objects are masked from ‘package:base’:

    intersect, setdiff, setequal, union

Loading required package: rJava
Loading required package: grid
Loading required package: Matrix
Loading required package: survival

Attaching package: ‘survey’

The following object is masked from ‘package:graphics’:

    dotchart


Attaching package: ‘data.table’

The following objects are masked from ‘package:dplyr’:

    between, first, last

ERROR StatusLogger No Log4j 2 configuration file found. Using default configuration (logging only errors to the console), or user programmatically provided configurations. Set system property 'log4j2.debug' to show Log4j 2 internal initialization logging. See https://logging.apache.org/log4j/2.x/manual/configuration.html for instructions on how to configure Log4j 2
There were 50 or more warnings (use warnings() to see the first 50)
Loading required package: DBI
Loading required package: dplyr

Attaching package: ‘dplyr’

The following objects are masked from ‘package:stats’:

    filter, lag

The following objects are masked from ‘package:base’:

    intersect, setdiff, setequal, union

Loading required package: rJava
Loading required package: grid
Loading required package: Matrix
Loading required package: survival

Attaching package: ‘survey’

The following object is masked from ‘package:graphics’:

    dotchart


Attaching package: ‘data.table’

The following objects are masked from ‘package:dplyr’:

    between, first, last

ERROR StatusLogger No Log4j 2 configuration file found. Using default configuration (logging only errors to the console), or user programmatically provided configurations. Set system property 'log4j2.debug' to show Log4j 2 internal initialization logging. See https://logging.apache.org/log4j/2.x/manual/configuration.html for instructions on how to configure Log4j 2
There were 29 warnings (use warnings() to see them)
Loading required package: DBI
Loading required package: dplyr

Attaching package: ‘dplyr’

The following objects are masked from ‘package:stats’:

    filter, lag

The following objects are masked from ‘package:base’:

    intersect, setdiff, setequal, union

Loading required package: rJava
Loading required package: grid
Loading required package: Matrix
Loading required package: survival

Attaching package: ‘survey’

The following object is masked from ‘package:graphics’:

    dotchart


Attaching package: ‘data.table’

The following objects are masked from ‘package:dplyr’:

    between, first, last

ERROR StatusLogger No Log4j 2 configuration file found. Using default configuration (logging only errors to the console), or user programmatically provided configurations. Set system property 'log4j2.debug' to show Log4j 2 internal initialization logging. See https://logging.apache.org/log4j/2.x/manual/configuration.html for instructions on how to configure Log4j 2
Loading required package: DBI
Loading required package: dplyr

Attaching package: ‘dplyr’

The following objects are masked from ‘package:stats’:

    filter, lag

The following objects are masked from ‘package:base’:

    intersect, setdiff, setequal, union

Loading required package: rJava
Loading required package: grid
Loading required package: Matrix
Loading required package: survival

Attaching package: ‘survey’

The following object is masked from ‘package:graphics’:

    dotchart


Attaching package: ‘data.table’

The following objects are masked from ‘package:dplyr’:

    between, first, last

ERROR StatusLogger No Log4j 2 configuration file found. Using default configuration (logging only errors to the console), or user programmatically provided configurations. Set system property 'log4j2.debug' to show Log4j 2 internal initialization logging. See https://logging.apache.org/log4j/2.x/manual/configuration.html for instructions on how to configure Log4j 2
There were 50 or more warnings (use warnings() to see the first 50)
Loading required package: DBI
Loading required package: dplyr

Attaching package: ‘dplyr’

The following objects are masked from ‘package:stats’:

    filter, lag

The following objects are masked from ‘package:base’:

    intersect, setdiff, setequal, union

Loading required package: rJava
Loading required package: grid
Loading required package: Matrix
Loading required package: survival

Attaching package: ‘survey’

The following object is masked from ‘package:graphics’:

    dotchart


Attaching package: ‘data.table’

The following objects are masked from ‘package:dplyr’:

    between, first, last

ERROR StatusLogger No Log4j 2 configuration file found. Using default configuration (logging only errors to the console), or user programmatically provided configurations. Set system property 'log4j2.debug' to show Log4j 2 internal initialization logging. See https://logging.apache.org/log4j/2.x/manual/configuration.html for instructions on how to configure Log4j 2
There were 50 or more warnings (use warnings() to see the first 50)
Loading required package: DBI
Loading required package: dplyr

Attaching package: ‘dplyr’

The following objects are masked from ‘package:stats’:

    filter, lag

The following objects are masked from ‘package:base’:

    intersect, setdiff, setequal, union

Loading required package: rJava
Loading required package: grid
Loading required package: Matrix
Loading required package: survival

Attaching package: ‘survey’

The following object is masked from ‘package:graphics’:

    dotchart


Attaching package: ‘data.table’

The following objects are masked from ‘package:dplyr’:

    between, first, last

ERROR StatusLogger No Log4j 2 configuration file found. Using default configuration (logging only errors to the console), or user programmatically provided configurations. Set system property 'log4j2.debug' to show Log4j 2 internal initialization logging. See https://logging.apache.org/log4j/2.x/manual/configuration.html for instructions on how to configure Log4j 2
There were 50 or more warnings (use warnings() to see the first 50)
Loading required package: DBI
Loading required package: dplyr

Attaching package: ‘dplyr’

The following objects are masked from ‘package:stats’:

    filter, lag

The following objects are masked from ‘package:base’:

    intersect, setdiff, setequal, union

Loading required package: rJava
Loading required package: grid
Loading required package: Matrix
Loading required package: survival

Attaching package: ‘survey’

The following object is masked from ‘package:graphics’:

    dotchart


Attaching package: ‘data.table’

The following objects are masked from ‘package:dplyr’:

    between, first, last

ERROR StatusLogger No Log4j 2 configuration file found. Using default configuration (logging only errors to the console), or user programmatically provided configurations. Set system property 'log4j2.debug' to show Log4j 2 internal initialization logging. See https://logging.apache.org/log4j/2.x/manual/configuration.html for instructions on how to configure Log4j 2
There were 47 warnings (use warnings() to see them)
Loading required package: DBI
Loading required package: dplyr

Attaching package: ‘dplyr’

The following objects are masked from ‘package:stats’:

    filter, lag

The following objects are masked from ‘package:base’:

    intersect, setdiff, setequal, union

Loading required package: rJava
Loading required package: grid
Loading required package: Matrix
Loading required package: survival

Attaching package: ‘survey’

The following object is masked from ‘package:graphics’:

    dotchart


Attaching package: ‘data.table’

The following objects are masked from ‘package:dplyr’:

    between, first, last

Error in readChar(con, 5L, useBytes = TRUE) : cannot open the connection
Calls: load -> readChar
In addition: Warning message:
In readChar(con, 5L, useBytes = TRUE) :
  cannot open compressed file './data/svydat_2024-02-28.RData', probable reason 'No such file or directory'
Execution halted
Loading required package: DBI
Loading required package: dplyr

Attaching package: ‘dplyr’

The following objects are masked from ‘package:stats’:

    filter, lag

The following objects are masked from ‘package:base’:

    intersect, setdiff, setequal, union

Loading required package: rJava
Loading required package: grid
Loading required package: Matrix
Loading required package: survival

Attaching package: ‘survey’

The following object is masked from ‘package:graphics’:

    dotchart


Attaching package: ‘data.table’

The following objects are masked from ‘package:dplyr’:

    between, first, last

ERROR StatusLogger No Log4j 2 configuration file found. Using default configuration (logging only errors to the console), or user programmatically provided configurations. Set system property 'log4j2.debug' to show Log4j 2 internal initialization logging. See https://logging.apache.org/log4j/2.x/manual/configuration.html for instructions on how to configure Log4j 2
Warning messages:
1: In prop.test(x = n * p, n = n, ...) :
  Chi-squared approximation may be incorrect
2: In prop.test(x = n * p, n = n, ...) :
  Chi-squared approximation may be incorrect
3: In prop.test(x = n * p, n = n, ...) :
  Chi-squared approximation may be incorrect
4: In prop.test(x = n * p, n = n, ...) :
  Chi-squared approximation may be incorrect
5: In prop.test(x = n * p, n = n, ...) :
  Chi-squared approximation may be incorrect
